C51 COMPILER V9.03   CORE_GPIO                                                             02/02/2015 14:30:19 PAGE 1   


C51 COMPILER V9.03, COMPILATION OF MODULE CORE_GPIO
OBJECT MODULE PLACED IN Code\CORE\CORE_GPIO.OBJ
COMPILER INVOKED BY: C:\Program Files\KeilC\C51\BIN\C51.exe Code\CORE\CORE_GPIO.C LA WL(1) CD OT(9,SIZE) NOAREGS OR INCD
                    -IR(.\Code\CORE\INCLUDE\;.\Code\OEM\INCLUDE\;.\Code\CHIP\INCLUDE\;.\Code\API\INCLUDE\)

line level    source

   1          /*-----------------------------------------------------------------------------
   2           * TITLE: CORE_GPIO.C
   3           *
   4           * Author : Dino
   5           *
   6           * Copyright (c) ITE INC. All Rights Reserved.
   7           *
   8           *---------------------------------------------------------------------------*/
   9          
  10          #include <CORE_INCLUDE.H>
  11          #include <OEM_INCLUDE.H>
C51 COMPILER V9.03   CORE_GPIO                                                             02/02/2015 14:30:19 PAGE 2   

ASSEMBLY LISTING OF GENERATED OBJECT CODE




MODULE INFORMATION:   STATIC OVERLAYABLE
   CODE SIZE        =   ----    ----
   CONSTANT SIZE    =   ----    ----
   XDATA SIZE       =   ----    ----
   PDATA SIZE       =   ----    ----
   DATA SIZE        =   ----    ----
   IDATA SIZE       =   ----    ----
   BIT SIZE         =   ----    ----
END OF MODULE INFORMATION.


C51 COMPILATION COMPLETE.  0 WARNING(S),  0 ERROR(S)
