C51 COMPILER V9.03   OEM_VER                                                               02/02/2015 14:30:30 PAGE 1   


C51 COMPILER V9.03, COMPILATION OF MODULE OEM_VER
OBJECT MODULE PLACED IN Code\Oem\OEM_Ver.OBJ
COMPILER INVOKED BY: C:\Program Files\KeilC\C51\BIN\C51.exe Code\Oem\OEM_Ver.C LA WL(1) CD OT(9,SIZE) NOAREGS OR INCDIR(
                    -.\Code\CORE\INCLUDE\;.\Code\OEM\INCLUDE\;.\Code\CHIP\INCLUDE\;.\Code\API\INCLUDE\)

line level    source

   1          /*----------------------------------------------------------------------------
   2           * Filename: OEM_Ver.C  For Chipset: ITE.IT85XX
   3           *
   4           * Function: Project version 
   5           *
   6           *---------------------------------------------------------------------------*/
   7           
   8          #include <CORE_INCLUDE.H>
   9          #include <OEM_INCLUDE.H>
  10          
  11          
C51 COMPILER V9.03   OEM_VER                                                               02/02/2015 14:30:30 PAGE 2   

ASSEMBLY LISTING OF GENERATED OBJECT CODE




MODULE INFORMATION:   STATIC OVERLAYABLE
   CODE SIZE        =   ----    ----
   CONSTANT SIZE    =   ----    ----
   XDATA SIZE       =   ----    ----
   PDATA SIZE       =   ----    ----
   DATA SIZE        =   ----    ----
   IDATA SIZE       =   ----    ----
   BIT SIZE         =   ----    ----
END OF MODULE INFORMATION.


C51 COMPILATION COMPLETE.  0 WARNING(S),  0 ERROR(S)
