C51 COMPILER V9.03   OEM_BANK2_FUNC                                                        02/02/2015 14:30:42 PAGE 1   


C51 COMPILER V9.03, COMPILATION OF MODULE OEM_BANK2_FUNC
OBJECT MODULE PLACED IN Code\Oem\OEM_BANK2_Func.OBJ
COMPILER INVOKED BY: C:\Program Files\KeilC\C51\BIN\C51.exe Code\Oem\OEM_BANK2_Func.C LA WL(1) CD OT(9,SIZE) NOAREGS OR 
                    -INCDIR(.\Code\CORE\INCLUDE\;.\Code\OEM\INCLUDE\;.\Code\CHIP\INCLUDE\;.\Code\API\INCLUDE\)

line level    source

   1          /*-----------------------------------------------------------------------------
   2           * TITLE: OEM_BANK2_Func.C
   3           *
   4           * Author : Dino
   5           *
   6           * Note : These functions are reference only.
   7           *        Please follow your project software specification to do some modification.
   8           *---------------------------------------------------------------------------*/
   9          
  10          #include <CORE_INCLUDE.H>
  11          #include <OEM_INCLUDE.H>
  12          
  13          //----------------------------------------------------------------------------
  14          // OEM test function of code bank2
  15          //----------------------------------------------------------------------------
  16          void Bank2_Test(void)
  17          {
  18   1      
  19   1      }
C51 COMPILER V9.03   OEM_BANK2_FUNC                                                        02/02/2015 14:30:42 PAGE 2   

ASSEMBLY LISTING OF GENERATED OBJECT CODE


             ; FUNCTION Bank2_Test (BEGIN)
                                           ; SOURCE LINE # 16
                                           ; SOURCE LINE # 17
                                           ; SOURCE LINE # 19
0000 22                RET     
             ; FUNCTION Bank2_Test (END)



MODULE INFORMATION:   STATIC OVERLAYABLE
   CODE SIZE        =      1    ----
   CONSTANT SIZE    =   ----    ----
   XDATA SIZE       =   ----    ----
   PDATA SIZE       =   ----    ----
   DATA SIZE        =   ----    ----
   IDATA SIZE       =   ----    ----
   BIT SIZE         =   ----    ----
END OF MODULE INFORMATION.


C51 COMPILATION COMPLETE.  0 WARNING(S),  0 ERROR(S)
