C51 COMPILER V9.03   OEM_6064                                                              02/02/2015 14:30:29 PAGE 1   


C51 COMPILER V9.03, COMPILATION OF MODULE OEM_6064
OBJECT MODULE PLACED IN Code\Oem\OEM_6064.OBJ
COMPILER INVOKED BY: C:\Program Files\KeilC\C51\BIN\C51.exe Code\Oem\OEM_6064.C LA WL(1) CD OT(9,SIZE) NOAREGS OR INCDIR
                    -(.\Code\CORE\INCLUDE\;.\Code\OEM\INCLUDE\;.\Code\CHIP\INCLUDE\;.\Code\API\INCLUDE\)

line level    source

   1          /*-----------------------------------------------------------------------------
   2           * TITLE: OEM_6064.C
   3           *
   4           * Author : Dino
   5           *
   6           * Note : These functions are reference only.
   7           *        Please follow your project software specification to do some modification.
   8           *---------------------------------------------------------------------------*/
   9          
  10          #include <CORE_INCLUDE.H>
  11          #include <OEM_INCLUDE.H>
  12          
  13          //----------------------------------------------------------------------------
  14          // The function of 60 port
  15          //  Note : 
  16          //  KBHIStep != 0x00 is necessary.
  17          //----------------------------------------------------------------------------
  18          void Hook_60Port(BYTE KBHIData)
  19          {
  20   1      
  21   1      }
  22          
  23          //----------------------------------------------------------------------------
  24          // The function of 64 port
  25          //----------------------------------------------------------------------------
  26          void Hook_64Port(BYTE KBHICmd)
  27          {
  28   1      
  29   1      }
  30          
  31          //-----------------------------------------------------------------------
  32          // kbcmd : keyboard command from 0x60 port 
  33          //-----------------------------------------------------------------------
  34          void Hook_Keyboard_Cmd(BYTE kbcmd)
  35          {
  36   1      
  37   1      }
  38          
  39          //-----------------------------------------------------------------------
  40          // kbcmdp : keyboard command parameter from 0x60 port 
  41          // for example keyboard command (0xED, 0xF0, 0xF3)
  42          //-----------------------------------------------------------------------
  43          void Hook_Keyboard_Cmd_Parameter(BYTE kbcmdp)
  44          {
  45   1      
  46   1      }
  47          
  48          //-----------------------------------------------------------------------
  49          // mscmd : mosue command from 0x64 port 0xD4 command
  50          //-----------------------------------------------------------------------
  51          void Hook_Mouse_D4Cmd(BYTE mscmd)
  52          {
  53   1      
  54   1      }
C51 COMPILER V9.03   OEM_6064                                                              02/02/2015 14:30:29 PAGE 2   

  55          
  56          //-----------------------------------------------------------------------
  57          // mscmd : mosue command from 0x64 port 0x90 command
  58          //-----------------------------------------------------------------------
  59          void Hook_Mouse_90Cmd(BYTE mscmd)
  60          {
  61   1      
  62   1      }
  63          
  64          //-----------------------------------------------------------------------
  65          // mscmd : mosue command from 0x64 port 0x91 command
  66          //-----------------------------------------------------------------------
  67          void Hook_Mouse_91Cmd(BYTE mscmd)
  68          {
  69   1      
  70   1      }
  71          
  72          //-----------------------------------------------------------------------
  73          // mscmd : mosue command from 0x64 port 0x92 command
  74          //-----------------------------------------------------------------------
  75          void Hook_Mouse_92Cmd(BYTE mscmd)
  76          {
  77   1      
  78   1      }
  79          
  80          //-----------------------------------------------------------------------
  81          // mscmd : mosue command from 0x64 port 0x93 command
  82          //-----------------------------------------------------------------------
  83          void Hook_Mouse_93Cmd(BYTE mscmd)
  84          {
  85   1      
  86   1      }
C51 COMPILER V9.03   OEM_6064                                                              02/02/2015 14:30:29 PAGE 3   

ASSEMBLY LISTING OF GENERATED OBJECT CODE


             ; FUNCTION _Hook_60Port (BEGIN)
                                           ; SOURCE LINE # 18
0000 900000      R     MOV     DPTR,#KBHIData
0003 EF                MOV     A,R7
0004 F0                MOVX    @DPTR,A
                                           ; SOURCE LINE # 19
                                           ; SOURCE LINE # 21
0005 22                RET     
             ; FUNCTION _Hook_60Port (END)

             ; FUNCTION _Hook_64Port (BEGIN)
                                           ; SOURCE LINE # 26
0000 900000      R     MOV     DPTR,#KBHICmd
0003 EF                MOV     A,R7
0004 F0                MOVX    @DPTR,A
                                           ; SOURCE LINE # 27
                                           ; SOURCE LINE # 29
0005 22                RET     
             ; FUNCTION _Hook_64Port (END)

             ; FUNCTION _Hook_Keyboard_Cmd (BEGIN)
                                           ; SOURCE LINE # 34
0000 900000      R     MOV     DPTR,#kbcmd
0003 EF                MOV     A,R7
0004 F0                MOVX    @DPTR,A
                                           ; SOURCE LINE # 35
                                           ; SOURCE LINE # 37
0005 22                RET     
             ; FUNCTION _Hook_Keyboard_Cmd (END)

             ; FUNCTION _Hook_Keyboard_Cmd_Parameter (BEGIN)
                                           ; SOURCE LINE # 43
0000 900000      R     MOV     DPTR,#kbcmdp
0003 EF                MOV     A,R7
0004 F0                MOVX    @DPTR,A
                                           ; SOURCE LINE # 44
                                           ; SOURCE LINE # 46
0005 22                RET     
             ; FUNCTION _Hook_Keyboard_Cmd_Parameter (END)

             ; FUNCTION _Hook_Mouse_D4Cmd (BEGIN)
                                           ; SOURCE LINE # 51
0000 900000      R     MOV     DPTR,#mscmd
0003 EF                MOV     A,R7
0004 F0                MOVX    @DPTR,A
                                           ; SOURCE LINE # 52
                                           ; SOURCE LINE # 54
0005 22                RET     
             ; FUNCTION _Hook_Mouse_D4Cmd (END)

             ; FUNCTION _Hook_Mouse_90Cmd (BEGIN)
                                           ; SOURCE LINE # 59
0000 900000      R     MOV     DPTR,#mscmd
0003 EF                MOV     A,R7
0004 F0                MOVX    @DPTR,A
                                           ; SOURCE LINE # 60
                                           ; SOURCE LINE # 62
0005 22                RET     
             ; FUNCTION _Hook_Mouse_90Cmd (END)
C51 COMPILER V9.03   OEM_6064                                                              02/02/2015 14:30:29 PAGE 4   


             ; FUNCTION _Hook_Mouse_91Cmd (BEGIN)
                                           ; SOURCE LINE # 67
0000 900000      R     MOV     DPTR,#mscmd
0003 EF                MOV     A,R7
0004 F0                MOVX    @DPTR,A
                                           ; SOURCE LINE # 68
                                           ; SOURCE LINE # 70
0005 22                RET     
             ; FUNCTION _Hook_Mouse_91Cmd (END)

             ; FUNCTION _Hook_Mouse_92Cmd (BEGIN)
                                           ; SOURCE LINE # 75
0000 900000      R     MOV     DPTR,#mscmd
0003 EF                MOV     A,R7
0004 F0                MOVX    @DPTR,A
                                           ; SOURCE LINE # 76
                                           ; SOURCE LINE # 78
0005 22                RET     
             ; FUNCTION _Hook_Mouse_92Cmd (END)

             ; FUNCTION _Hook_Mouse_93Cmd (BEGIN)
                                           ; SOURCE LINE # 83
0000 900000      R     MOV     DPTR,#mscmd
0003 EF                MOV     A,R7
0004 F0                MOVX    @DPTR,A
                                           ; SOURCE LINE # 84
                                           ; SOURCE LINE # 86
0005 22                RET     
             ; FUNCTION _Hook_Mouse_93Cmd (END)



MODULE INFORMATION:   STATIC OVERLAYABLE
   CODE SIZE        =     54    ----
   CONSTANT SIZE    =   ----    ----
   XDATA SIZE       =   ----       9
   PDATA SIZE       =   ----    ----
   DATA SIZE        =   ----    ----
   IDATA SIZE       =   ----    ----
   BIT SIZE         =   ----    ----
END OF MODULE INFORMATION.


C51 COMPILATION COMPLETE.  0 WARNING(S),  0 ERROR(S)
