C51 COMPILER V9.03   OEM_PM2                                                               02/02/2015 14:30:34 PAGE 1   


C51 COMPILER V9.03, COMPILATION OF MODULE OEM_PM2
OBJECT MODULE PLACED IN Code\Oem\OEM_PM2.OBJ
COMPILER INVOKED BY: C:\Program Files\KeilC\C51\BIN\C51.exe Code\Oem\OEM_PM2.C LA WL(1) CD OT(9,SIZE) NOAREGS OR INCDIR(
                    -.\Code\CORE\INCLUDE\;.\Code\OEM\INCLUDE\;.\Code\CHIP\INCLUDE\;.\Code\API\INCLUDE\)

line level    source

   1          /*----------------------------------------------------------------------------
   2           * Filename: OEM_PM2.C  For Chipset: ITE.IT85XX
   3           *
   4           * Copyright (c) 2010 - , ITE Tech. Inc. All Rights Reserved. 
   5           *
   6           * You may not present,reproduce,distribute,publish,display,modify,adapt,
   7           * perform,transmit,broadcast,recite,release,license or otherwise exploit
   8           * any part of this publication in any form,by any means,without the prior
   9           * written permission of ITE Tech. Inc. 
  10           *---------------------------------------------------------------------------*/
  11          
  12          #include <CORE_INCLUDE.H>
  13          #include <OEM_INCLUDE.H>
  14          
  15          //----------------------------------------------------------------------------
  16          // The function of debuging 68 port
  17          //----------------------------------------------------------------------------
  18          void Hook_68Port(BYTE PM2Data)
  19          {
  20   1      
  21   1      }
  22          
  23          //----------------------------------------------------------------------------
  24          // The function of debuging 6C port
  25          //----------------------------------------------------------------------------
  26          void Hook_6CPort(BYTE PM2Cmd)
  27          {
  28   1      
  29   1      }
  30          
  31          //----------------------------------------------------------------------------
  32          // Process Command/Data received from System via 68/6C interface
  33          //----------------------------------------------------------------------------
  34          void service_pci3(void)
  35          {
  36   1      
  37   1      }
  38          
C51 COMPILER V9.03   OEM_PM2                                                               02/02/2015 14:30:34 PAGE 2   

ASSEMBLY LISTING OF GENERATED OBJECT CODE


             ; FUNCTION _Hook_68Port (BEGIN)
                                           ; SOURCE LINE # 18
0000 900000      R     MOV     DPTR,#PM2Data
0003 EF                MOV     A,R7
0004 F0                MOVX    @DPTR,A
                                           ; SOURCE LINE # 19
                                           ; SOURCE LINE # 21
0005 22                RET     
             ; FUNCTION _Hook_68Port (END)

             ; FUNCTION _Hook_6CPort (BEGIN)
                                           ; SOURCE LINE # 26
0000 900000      R     MOV     DPTR,#PM2Cmd
0003 EF                MOV     A,R7
0004 F0                MOVX    @DPTR,A
                                           ; SOURCE LINE # 27
                                           ; SOURCE LINE # 29
0005 22                RET     
             ; FUNCTION _Hook_6CPort (END)

             ; FUNCTION service_pci3 (BEGIN)
                                           ; SOURCE LINE # 34
                                           ; SOURCE LINE # 35
                                           ; SOURCE LINE # 37
0000 22                RET     
             ; FUNCTION service_pci3 (END)



MODULE INFORMATION:   STATIC OVERLAYABLE
   CODE SIZE        =     13    ----
   CONSTANT SIZE    =   ----    ----
   XDATA SIZE       =   ----       2
   PDATA SIZE       =   ----    ----
   DATA SIZE        =   ----    ----
   IDATA SIZE       =   ----    ----
   BIT SIZE         =   ----    ----
END OF MODULE INFORMATION.


C51 COMPILATION COMPLETE.  0 WARNING(S),  0 ERROR(S)
